Release 14.7 - xst P.20131013 (nt)
Copyright (c) 1995-2013 Xilinx, Inc.  All rights reserved.
--> Parameter TMPDIR set to xst/projnav.tmp


Total REAL time to Xst completion: 0.00 secs
Total CPU time to Xst completion: 0.11 secs
 
--> Parameter xsthdpdir set to xst


Total REAL time to Xst completion: 0.00 secs
Total CPU time to Xst completion: 0.11 secs
 
--> Reading design: mips.prj

TABLE OF CONTENTS
  1) Synthesis Options Summary
  2) HDL Parsing
  3) HDL Elaboration
  4) HDL Synthesis
       4.1) HDL Synthesis Report
  5) Advanced HDL Synthesis
       5.1) Advanced HDL Synthesis Report
  6) Low Level Synthesis
  7) Partition Report
  8) Design Summary
       8.1) Primitive and Black Box Usage
       8.2) Device utilization summary
       8.3) Partition Resource Summary
       8.4) Timing Report
            8.4.1) Clock Information
            8.4.2) Asynchronous Control Signals Information
            8.4.3) Timing Summary
            8.4.4) Timing Details
            8.4.5) Cross Clock Domains Report


=========================================================================
*                      Synthesis Options Summary                        *
=========================================================================
---- Source Parameters
Input File Name                    : "mips.prj"
Ignore Synthesis Constraint File   : NO

---- Target Parameters
Output File Name                   : "mips"
Output Format                      : NGC
Target Device                      : xc6slx150-3-fgg676

---- Source Options
Top Module Name                    : mips
Automatic FSM Extraction           : YES
FSM Encoding Algorithm             : Auto
Safe Implementation                : No
FSM Style                          : LUT
RAM Extraction                     : Yes
RAM Style                          : Auto
ROM Extraction                     : Yes
Shift Register Extraction          : YES
ROM Style                          : Auto
Resource Sharing                   : YES
Asynchronous To Synchronous        : NO
Shift Register Minimum Size        : 2
Use DSP Block                      : Auto
Automatic Register Balancing       : No

---- Target Options
LUT Combining                      : Auto
Reduce Control Sets                : Auto
Add IO Buffers                     : YES
Global Maximum Fanout              : 100000
Add Generic Clock Buffer(BUFG)     : 16
Register Duplication               : YES
Optimize Instantiated Primitives   : NO
Use Clock Enable                   : Auto
Use Synchronous Set                : Auto
Use Synchronous Reset              : Auto
Pack IO Registers into IOBs        : Auto
Equivalent register Removal        : YES

---- General Options
Optimization Goal                  : Speed
Optimization Effort                : 1
Power Reduction                    : NO
Keep Hierarchy                     : No
Netlist Hierarchy                  : As_Optimized
RTL Output                         : Yes
Global Optimization                : AllClockNets
Read Cores                         : YES
Write Timing Constraints           : NO
Cross Clock Analysis               : NO
Hierarchy Separator                : /
Bus Delimiter                      : <>
Case Specifier                     : Maintain
Slice Utilization Ratio            : 100
BRAM Utilization Ratio             : 100
DSP48 Utilization Ratio            : 100
Auto BRAM Packing                  : NO
Slice Utilization Ratio Delta      : 5

=========================================================================


=========================================================================
*                          HDL Parsing                                  *
=========================================================================
Analyzing Verilog file "G:\ComputerOrganization\CPU\WB_Ext.v" into library work
Parsing module <WB_Ext>.
Analyzing Verilog file "G:\ComputerOrganization\CPU\TranspondMux.v" into library work
Parsing module <MFRSD>.
Parsing module <MFRTD>.
Parsing module <MFRSE>.
Parsing module <MFRTE>.
Parsing module <MFRTM>.
Analyzing Verilog file "G:\ComputerOrganization\CPU\pipline_reg.v" into library work
Parsing module <IF_ID>.
Parsing module <ID_EX>.
Parsing module <EX_MEM>.
Parsing module <MEM_WB>.
Analyzing Verilog file "G:\ComputerOrganization\CPU\mux.v" into library work
Parsing module <RegDstmux>.
Parsing module <ALUSrcmux>.
Parsing module <MemtoRegmux>.
Analyzing Verilog file "G:\ComputerOrganization\CPU\InstrCoder.v" into library work
Parsing module <InstrCoder>.
Analyzing Verilog file "G:\ComputerOrganization\CPU\IM.v" into library work
Parsing module <IM>.
Analyzing Verilog file "G:\ComputerOrganization\CPU\GRF.v" into library work
Parsing module <GRF>.
Analyzing Verilog file "G:\ComputerOrganization\CPU\EXT.v" into library work
Parsing module <EXT>.
Analyzing Verilog file "G:\ComputerOrganization\CPU\DM.v" into library work
Parsing module <DM>.
Analyzing Verilog file "G:\ComputerOrganization\CPU\Control.v" into library work
Parsing module <Decode_Controller>.
Parsing module <Execution_Controller>.
Parsing module <Memory_Controller>.
Parsing module <WriteBack_Controller>.
Analyzing Verilog file "G:\ComputerOrganization\CPU\ALU.v" into library work
Parsing module <ALU>.
Analyzing Verilog file "G:\ComputerOrganization\CPU\WB.v" into library work
Parsing module <WriteBack>.
Analyzing Verilog file "G:\ComputerOrganization\CPU\Memory.v" into library work
Parsing module <Memory>.
Analyzing Verilog file "G:\ComputerOrganization\CPU\Hazard.v" into library work
Parsing module <Hazard>.
Analyzing Verilog file "G:\ComputerOrganization\CPU\Fetch.v" into library work
Parsing module <Fetch>.
Analyzing Verilog file "G:\ComputerOrganization\CPU\Execution.v" into library work
Parsing module <Execution>.
Analyzing Verilog file "G:\ComputerOrganization\CPU\Decode.v" into library work
Parsing module <Decode>.
Analyzing Verilog file "G:\ComputerOrganization\CPU\mips.v" into library work
Parsing module <mips>.

=========================================================================
*                            HDL Elaboration                            *
=========================================================================

Elaborating module <mips>.

Elaborating module <Fetch>.

Elaborating module <IM>.
Reading initialization file \"code.txt\".
WARNING:HDLCompiler:1670 - "G:\ComputerOrganization\CPU\IM.v" Line 39: Signal <rom> in initial block is partially initialized.
WARNING:HDLCompiler:413 - "G:\ComputerOrganization\CPU\IM.v" Line 34: Result of 12-bit expression is truncated to fit in 10-bit target.

Elaborating module <IF_ID>.

Elaborating module <Decode>.

Elaborating module <Decode_Controller>.

Elaborating module <GRF>.
"G:\ComputerOrganization\CPU\GRF.v" Line 58. $display  32'b................................ 5'b..... 32'b................................

Elaborating module <EXT>.

Elaborating module <MFRSD>.

Elaborating module <MFRTD>.

Elaborating module <ID_EX>.

Elaborating module <Execution>.

Elaborating module <Execution_Controller>.

Elaborating module <ALU>.

Elaborating module <ALUSrcmux>.

Elaborating module <RegDstmux>.

Elaborating module <MFRSE>.

Elaborating module <MFRTE>.

Elaborating module <EX_MEM>.

Elaborating module <Memory>.

Elaborating module <Memory_Controller>.

Elaborating module <DM>.
"G:\ComputerOrganization\CPU\DM.v" Line 72. $display  32'b................................ 32'b000000000000000000............00 32'b................................

Elaborating module <MFRTM>.

Elaborating module <MEM_WB>.

Elaborating module <WriteBack>.

Elaborating module <WriteBack_Controller>.

Elaborating module <WB_Ext>.

Elaborating module <MemtoRegmux>.
WARNING:HDLCompiler:1016 - "G:\ComputerOrganization\CPU\Hazard.v" Line 49: Port RegWrite is not connected to this instance

Elaborating module <Hazard>.

Elaborating module <InstrCoder>.
WARNING:HDLCompiler:1127 - "G:\ComputerOrganization\CPU\InstrCoder.v" Line 107: Assignment to gg ignored, since the identifier is never used
WARNING:HDLCompiler:1127 - "G:\ComputerOrganization\CPU\InstrCoder.v" Line 108: Assignment to jump ignored, since the identifier is never used
WARNING:HDLCompiler:1127 - "G:\ComputerOrganization\CPU\Hazard.v" Line 49: Assignment to link_D ignored, since the identifier is never used
WARNING:HDLCompiler:1127 - "G:\ComputerOrganization\CPU\Hazard.v" Line 50: Assignment to cal_r_E ignored, since the identifier is never used
WARNING:HDLCompiler:1127 - "G:\ComputerOrganization\CPU\Hazard.v" Line 51: Assignment to cal_r_M ignored, since the identifier is never used
WARNING:HDLCompiler:1127 - "G:\ComputerOrganization\CPU\Hazard.v" Line 52: Assignment to cal_r_W ignored, since the identifier is never used
WARNING:Xst:2972 - "G:\ComputerOrganization\CPU\mips.v" line 44. All outputs of instance <fetch> of block <Fetch> are unconnected in block <mips>. Underlying logic will be removed.
WARNING:Xst:2972 - "G:\ComputerOrganization\CPU\mips.v" line 58. All outputs of instance <decode> of block <Decode> are unconnected in block <mips>. Underlying logic will be removed.
WARNING:Xst:2972 - "G:\ComputerOrganization\CPU\mips.v" line 82. All outputs of instance <execution> of block <Execution> are unconnected in block <mips>. Underlying logic will be removed.
WARNING:Xst:2972 - "G:\ComputerOrganization\CPU\mips.v" line 102. All outputs of instance <memory> of block <Memory> are unconnected in block <mips>. Underlying logic will be removed.
WARNING:Xst:2972 - "G:\ComputerOrganization\CPU\mips.v" line 120. All outputs of instance <writeback> of block <WriteBack> are unconnected in block <mips>. Underlying logic will be removed.
WARNING:Xst:2972 - "G:\ComputerOrganization\CPU\mips.v" line 129. All outputs of instance <hazard> of block <Hazard> are unconnected in block <mips>. Underlying logic will be removed.
